<?xml version="1.0" encoding="UTF-8"?>
<!-- Generated by org.testng.reporters.JUnitReportReporter -->
<testsuite hostname="PraveenBhargava" failures="0" tests="1" name="testCases.TC03_LoginDDT" time="0.000" errors="0" timestamp="2024-05-02T20:03:45 GMT-05:00" skipped="1">
  <testcase classname="testCases.TC03_LoginDDT" name="verify_loginDDT" time="0.000">
    <skipped/>
  </testcase> <!-- verify_loginDDT -->
  <system-out/>
</testsuite> <!-- testCases.TC03_LoginDDT -->
